<?xml version="1.0" encoding="UTF-8"?>
<!-- Generated by org.testng.reporters.JUnitXMLReporter -->
<testsuite ignored="3" hostname="DESKTOP-IFREV8G" failures="3" tests="5" name="Test" time="17.202" errors="0" timestamp="2025-06-29T20:03:56 IST">
  <testcase classname="testcases.LoginPageTest" name="Verify_loginWithCorrectUsernameIncorrectPassword" time="0.355"/>
  <testcase classname="testcases.LoginPageTest" name="Verify_loginWithIncorrectUsernameCorrectPassword" time="0.176"/>
  <testcase classname="testcases.LoginPageTest" name="Verify_loginWithEmptyUsername" time="0.249">
    <failure type="java.lang.AssertionError" message="Expected &amp;apos;Username is required&amp;apos; message not shown. expected [true] but found [false]">
      <![CDATA[java.lang.AssertionError: Expected 'Username is required' message not shown. expected [true] but found [false]
at testcases.LoginPageTest.Verify_loginWithEmptyUsername(LoginPageTest.java:84)
at java.base/java.util.ArrayList.forEach(ArrayList.java:1604)
... Removed 28 stack frames]]>
    </failure>
  </testcase> <!-- Verify_loginWithEmptyUsername -->
  <testcase classname="testcases.LoginPageTest" name="Verify_loginWithEmptyPassword" time="0.299">
    <failure type="java.lang.AssertionError" message="Expected &amp;apos;Password is required&amp;apos; message not shown. expected [true] but found [false]">
      <![CDATA[java.lang.AssertionError: Expected 'Password is required' message not shown. expected [true] but found [false]
at testcases.LoginPageTest.Verify_loginWithEmptyPassword(LoginPageTest.java:92)
at java.base/java.util.ArrayList.forEach(ArrayList.java:1604)
... Removed 28 stack frames]]>
    </failure>
  </testcase> <!-- Verify_loginWithEmptyPassword -->
  <testcase classname="testcases.LoginPageTest" name="Verify_loginWithEmptyUsernameAndPassword" time="0.211">
    <failure type="java.lang.AssertionError" message="Expected &amp;apos;Username is required&amp;apos; message not shown. expected [true] but found [false]">
      <![CDATA[java.lang.AssertionError: Expected 'Username is required' message not shown. expected [true] but found [false]
at testcases.LoginPageTest.Verify_loginWithEmptyUsernameAndPassword(LoginPageTest.java:100)
at java.base/java.util.ArrayList.forEach(ArrayList.java:1604)
... Removed 28 stack frames]]>
    </failure>
  </testcase> <!-- Verify_loginWithEmptyUsernameAndPassword -->
  <testcase classname="testcases.LoginPageTest" name="Verify_pageUrl" time="0.0">
    <ignored/>
  </testcase> <!-- Verify_pageUrl -->
  <testcase classname="testcases.LoginPageTest" name="Verify_pageTitle" time="0.0">
    <ignored/>
  </testcase> <!-- Verify_pageTitle -->
  <testcase classname="testcases.LoginPageTest" name="Verify_userLoginSuccess" time="0.0">
    <ignored/>
  </testcase> <!-- Verify_userLoginSuccess -->
</testsuite> <!-- Test -->
